<?xml version="1.0" encoding="UTF-8"?>
<!-- Generated by org.testng.reporters.JUnitReportReporter -->
<testsuite hostname="CO-IT004492" failures="0" tests="1" name="com.globant.AppTest" time="0.008" errors="0" timestamp="2024-02-22T10:48:58 COT" skipped="0">
  <testcase classname="com.globant.AppTest" name="shouldAnswerWithTrue" time="0.008"/>
</testsuite> <!-- com.globant.AppTest -->
