<?xml version="1.0" encoding="UTF-8"?>
<!-- Generated by org.testng.reporters.JUnitReportReporter -->
<testsuite hostname="CO-IT004492" failures="0" tests="1" name="tests.PurchaseProductTest" time="6.431" errors="0" timestamp="2024-02-22T12:11:46 COT" skipped="0">
  <testcase classname="tests.PurchaseProductTest" name="purchaseProduct" time="6.431"/>
</testsuite> <!-- tests.PurchaseProductTest -->
